2025-08-04 11:17:10,015 - __main__ - INFO - ✅ Конфигурация загружена успешно
2025-08-04 11:17:10,226 - database.migrations - INFO - 🔄 Запуск миграций БД...
2025-08-04 11:17:12,367 - database.migrations - INFO - ✅ Все таблицы созданы успешно
2025-08-04 11:17:14,063 - database.migrations - INFO - ✅ Индексы созданы успешно
2025-08-04 11:17:14,063 - database.migrations - INFO - ✅ Миграции успешно завершены!
2025-08-04 11:17:15,782 - __main__ - INFO - 🚀 Запуск бота...
2025-08-04 11:17:15,782 - bot.app - INFO - ==================================================
2025-08-04 11:17:15,782 - bot.app - INFO - 🚀 БОТ ЗАПУСКАЕТСЯ...
2025-08-04 11:17:15,782 - bot.app - INFO - 🗄️ База данных: localhost:5432/face_test_db
2025-08-04 11:17:15,783 - bot.app - INFO - 👑 Owner ID: 353175654
2025-08-04 11:17:15,783 - bot.app - INFO - ==================================================
2025-08-04 11:17:15,923 - bot.handlers.common - INFO - ✅ Common handlers зарегистрированы
2025-08-04 11:17:15,923 - bot.handlers.workflow - INFO - ✅ Workflow handlers зарегистрированы
2025-08-04 11:17:15,924 - bot.handlers.approval - INFO - ✅ Approval handlers зарегистрированы
2025-08-04 11:17:15,925 - bot.handlers.analytics - INFO - ✅ Analytics handlers зарегистрированы
2025-08-04 11:17:15,926 - bot.handlers.admin - INFO - ✅ Admin handlers зарегистрированы
2025-08-04 11:17:15,926 - bot.handlers.auth_new - INFO - ✅ NEW Auth handlers зарегистрированы (БЕЗ ConversationHandler)
2025-08-04 11:17:15,926 - bot.app - INFO - ✅ Обработчики зарегистрированы
2025-08-04 11:17:15,930 - bot.app - INFO - ✅ Конверсации зарегистрированы
2025-08-04 11:17:15,931 - bot.app - INFO - 🚀 Бот готов к работе!
2025-08-04 11:17:15,931 - __main__ - CRITICAL - ❌ Критическая ошибка: Cannot close a running event loop
2025-08-04 11:53:41,750 - __main__ - INFO - ✅ Конфигурация загружена успешно
2025-08-04 11:53:41,871 - database.migrations - INFO - 🔄 Запуск миграций БД...
2025-08-04 11:53:43,680 - database.migrations - INFO - ✅ Все таблицы созданы успешно
2025-08-04 11:53:45,173 - database.migrations - INFO - ✅ Индексы созданы успешно
2025-08-04 11:53:45,173 - database.migrations - INFO - ✅ Миграции успешно завершены!
2025-08-04 11:53:45,953 - __main__ - INFO - 🚀 Запуск бота...
2025-08-04 11:53:45,953 - bot.app - INFO - ==================================================
2025-08-04 11:53:45,953 - bot.app - INFO - 🚀 БОТ ЗАПУСКАЕТСЯ...
2025-08-04 11:53:45,953 - bot.app - INFO - 🗄️ База данных: localhost:5432/face_test_db
2025-08-04 11:53:45,954 - bot.app - INFO - 👑 Owner ID: 353175654
2025-08-04 11:53:45,954 - bot.app - INFO - ==================================================
2025-08-04 11:53:46,027 - bot.handlers.common - INFO - ✅ Common handlers зарегистрированы
2025-08-04 11:53:46,029 - bot.handlers.workflow - INFO - ✅ Workflow handlers зарегистрированы
2025-08-04 11:53:46,030 - bot.handlers.approval - INFO - ✅ Approval handlers зарегистрированы
2025-08-04 11:53:46,032 - bot.handlers.analytics - INFO - ✅ Analytics handlers зарегистрированы
2025-08-04 11:53:46,033 - bot.handlers.admin - INFO - ✅ Admin handlers зарегистрированы
2025-08-04 11:53:46,033 - bot.handlers.auth_new - INFO - ✅ NEW Auth handlers зарегистрированы (БЕЗ ConversationHandler)
2025-08-04 11:53:46,033 - bot.app - INFO - ✅ Обработчики зарегистрированы
2025-08-04 11:53:46,037 - bot.app - INFO - ✅ Конверсации зарегистрированы
2025-08-04 11:53:46,037 - bot.app - INFO - 🚀 Бот готов к работе!
2025-08-04 11:53:46,038 - __main__ - CRITICAL - ❌ Критическая ошибка: Cannot close a running event loop
